TN:
SF:src/modules/users/services/AuthenticateEmployeeService.ts
FN:22,AuthenticateEmployeeService
FN:30,Object.<anonymous>.AuthenticateEmployeeService.execute
FNF:2
FNH:2
FNDA:5,AuthenticateEmployeeService
FNDA:5,Object.<anonymous>.AuthenticateEmployeeService.execute
DA:1,1
DA:2,1
DA:3,1
DA:4,1
DA:5,1
DA:6,1
DA:7,1
DA:8,1
DA:9,1
DA:10,1
DA:11,1
DA:12,1
DA:13,1
DA:14,1
DA:15,1
DA:16,1
DA:17,1
DA:18,1
DA:19,1
DA:20,1
DA:21,1
DA:22,1
DA:23,5
DA:24,5
DA:25,5
DA:26,5
DA:27,5
DA:28,5
DA:29,1
DA:30,1
DA:31,5
DA:32,5
DA:33,3
DA:34,3
DA:35,5
DA:36,5
DA:37,1
DA:38,1
DA:39,2
DA:40,2
DA:41,2
DA:42,2
DA:43,2
DA:44,5
DA:45,5
DA:46,1
DA:47,1
DA:48,1
DA:49,1
DA:50,1
DA:51,1
DA:52,1
DA:53,1
DA:54,1
DA:55,1
DA:56,1
DA:57,1
DA:58,1
DA:59,5
DA:60,1
LF:60
LH:60
BRDA:21,0,0,1
BRDA:22,1,0,5
BRDA:30,2,0,5
BRDA:31,3,0,1
BRDA:32,4,0,4
BRDA:32,5,0,1
BRDA:33,6,0,3
BRDA:36,7,0,1
BRDA:39,8,0,2
BRDA:45,9,0,1
BRF:10
BRH:10
end_of_record
TN:
SF:src/modules/users/services/CreateEmployeeService.ts
FN:21,CreateEmployeeService
FN:29,Object.<anonymous>.CreateEmployeeService.execute
FNF:2
FNH:2
FNDA:7,CreateEmployeeService
FNDA:5,Object.<anonymous>.CreateEmployeeService.execute
DA:1,1
DA:2,1
DA:3,1
DA:4,1
DA:5,1
DA:6,1
DA:7,1
DA:8,1
DA:9,1
DA:10,1
DA:11,1
DA:12,1
DA:13,1
DA:14,1
DA:15,1
DA:16,1
DA:17,1
DA:18,1
DA:19,1
DA:20,2
DA:21,2
DA:22,7
DA:23,7
DA:24,7
DA:25,7
DA:26,7
DA:27,7
DA:28,2
DA:29,2
DA:30,5
DA:31,5
DA:32,5
DA:33,5
DA:34,5
DA:35,5
DA:36,5
DA:37,5
DA:38,5
DA:39,5
DA:40,5
DA:41,5
DA:42,1
DA:43,1
DA:44,4
DA:45,4
DA:46,5
DA:47,5
DA:48,5
DA:49,5
DA:50,5
DA:51,5
DA:52,5
DA:53,5
DA:54,5
DA:55,5
DA:56,5
DA:57,5
DA:58,5
DA:59,5
DA:60,5
DA:61,5
DA:62,2
LF:62
LH:62
BRDA:20,0,0,2
BRDA:21,1,0,7
BRDA:29,2,0,5
BRDA:39,3,0,5
BRDA:41,4,0,1
BRDA:44,5,0,4
BRF:6
BRH:6
end_of_record
TN:
SF:src/modules/users/services/DeleteEmployeeService.ts
FN:8,DeleteEmployeeService
FN:13,Object.<anonymous>.DeleteEmployeeService.execute
FNF:2
FNH:2
FNDA:2,DeleteEmployeeService
FNDA:2,Object.<anonymous>.DeleteEmployeeService.execute
DA:1,1
DA:2,1
DA:3,1
DA:4,1
DA:5,1
DA:6,1
DA:7,1
DA:8,1
DA:9,2
DA:10,2
DA:11,2
DA:12,1
DA:13,1
DA:14,2
DA:15,2
DA:16,2
DA:17,1
DA:18,1
DA:19,1
DA:20,1
DA:21,2
DA:22,1
LF:22
LH:22
BRDA:7,0,0,1
BRDA:8,1,0,2
BRDA:13,2,0,2
BRDA:14,3,0,2
BRDA:16,4,0,1
BRF:5
BRH:5
end_of_record
TN:
SF:src/modules/users/services/ShowEmployeesService.ts
FN:9,ShowEmployeesService
FN:14,Object.<anonymous>.ShowEmployeesService.execute
FNF:2
FNH:2
FNDA:2,ShowEmployeesService
FNDA:2,Object.<anonymous>.ShowEmployeesService.execute
DA:1,1
DA:2,1
DA:3,1
DA:4,1
DA:5,1
DA:6,1
DA:7,1
DA:8,1
DA:9,1
DA:10,2
DA:11,2
DA:12,2
DA:13,1
DA:14,1
DA:15,2
DA:16,2
DA:17,2
DA:18,1
DA:19,1
DA:20,1
DA:21,1
DA:22,1
DA:23,1
DA:24,1
DA:25,1
DA:26,1
DA:27,1
DA:28,2
DA:29,1
LF:29
LH:29
BRDA:8,0,0,1
BRDA:9,1,0,2
BRDA:14,2,0,2
BRDA:15,3,0,2
BRDA:17,4,0,1
BRDA:21,5,0,1
BRF:6
BRH:6
end_of_record
TN:
SF:src/modules/users/services/ShowProfileService.ts
FN:9,ShowProfileService
FN:14,Object.<anonymous>.ShowProfileService.execute
FNF:2
FNH:2
FNDA:2,ShowProfileService
FNDA:2,Object.<anonymous>.ShowProfileService.execute
DA:1,1
DA:2,1
DA:3,1
DA:4,1
DA:5,1
DA:6,1
DA:7,1
DA:8,1
DA:9,1
DA:10,2
DA:11,2
DA:12,2
DA:13,1
DA:14,1
DA:15,2
DA:16,2
DA:17,2
DA:18,1
DA:19,1
DA:20,1
DA:21,1
DA:22,2
DA:23,1
LF:23
LH:23
BRDA:8,0,0,1
BRDA:9,1,0,2
BRDA:14,2,0,2
BRDA:15,3,0,2
BRDA:17,4,0,1
BRF:5
BRH:5
end_of_record
TN:
SF:src/modules/users/services/UpdateProfileService.ts
FN:20,UpdateProfileService
FN:25,Object.<anonymous>.UpdateProfileService.execute
FNF:2
FNH:2
FNDA:3,UpdateProfileService
FNDA:3,Object.<anonymous>.UpdateProfileService.execute
DA:1,1
DA:2,1
DA:3,1
DA:4,1
DA:5,1
DA:6,1
DA:7,1
DA:8,1
DA:9,1
DA:10,1
DA:11,1
DA:12,1
DA:13,1
DA:14,1
DA:15,1
DA:16,1
DA:17,1
DA:18,1
DA:19,1
DA:20,1
DA:21,3
DA:22,3
DA:23,3
DA:24,1
DA:25,1
DA:26,3
DA:27,3
DA:28,3
DA:29,3
DA:30,3
DA:31,3
DA:32,3
DA:33,3
DA:34,3
DA:35,3
DA:36,3
DA:37,3
DA:38,1
DA:39,1
DA:40,2
DA:41,2
DA:42,2
DA:43,2
DA:44,3
DA:45,3
DA:46,1
DA:47,1
DA:48,1
DA:49,1
DA:50,1
DA:51,1
DA:52,1
DA:53,1
DA:54,1
DA:55,1
DA:56,1
DA:57,1
DA:58,3
DA:59,3
DA:60,3
DA:61,1
LF:61
LH:61
BRDA:19,0,0,1
BRDA:20,1,0,3
BRDA:25,2,0,3
BRDA:35,3,0,3
BRDA:37,4,0,1
BRDA:40,5,0,2
BRDA:45,6,0,1
BRDA:45,7,0,1
BRF:8
BRH:8
end_of_record
